1506618500356	geckodriver	INFO	geckodriver 0.19.0
1506618500362	geckodriver	INFO	Listening on 127.0.0.1:52619
1506618501489	mozrunner::runner	INFO	Running command: "/usr/bin/firefox" "-marionette" "-profile" "/tmp/rust_mozprofile.JqxSyHLso7GX"

(firefox:3091): GLib-GObject-CRITICAL **: g_object_ref: assertion 'object->ref_count > 0' failed

(firefox:3091): GLib-GObject-CRITICAL **: g_object_unref: assertion 'object->ref_count > 0' failed

(firefox:3091): GLib-GObject-CRITICAL **: g_object_ref: assertion 'object->ref_count > 0' failed

(firefox:3091): GLib-GObject-CRITICAL **: g_object_unref: assertion 'object->ref_count > 0' failed
1506618501976	addons.xpi	WARN	Add-on langpack-en-GB@firefox.mozilla.org is not compatible with application version.
1506618501978	addons.xpi	WARN	Add-on langpack-en-GB@firefox.mozilla.org is not compatible with application version.
1506618502005	addons.xpi	WARN	Add-on langpack-en-ZA@firefox.mozilla.org is not compatible with application version.
1506618502006	addons.xpi	WARN	Add-on langpack-en-ZA@firefox.mozilla.org is not compatible with application version.
1506618502716	addons.xpi	WARN	Add-on langpack-en-GB@firefox.mozilla.org is not compatible with application version.
1506618502716	addons.xpi	WARN	Add-on langpack-en-ZA@firefox.mozilla.org is not compatible with application version.
1506618502722	addons.xpi	WARN	Add-on langpack-en-GB@firefox.mozilla.org is not compatible with application version.
1506618502723	addons.xpi	WARN	Add-on langpack-en-ZA@firefox.mozilla.org is not compatible with application version.
1506618505719	Marionette	INFO	Listening on port 34280
1506618505882	Marionette	WARN	TLS certificate errors will be ignored for this session
1506618505909	Marionette	INFO	New connections will no longer be accepted
1506618729670	geckodriver	INFO	geckodriver 0.19.0
1506618729676	geckodriver	INFO	Listening on 127.0.0.1:33538
1506618730787	mozrunner::runner	INFO	Running command: "/usr/bin/firefox" "-marionette" "-profile" "/tmp/rust_mozprofile.1KE2Y0RbOvbY"

(firefox:3312): GLib-GObject-CRITICAL **: g_object_ref: assertion 'object->ref_count > 0' failed

(firefox:3312): GLib-GObject-CRITICAL **: g_object_unref: assertion 'object->ref_count > 0' failed

(firefox:3312): GLib-GObject-CRITICAL **: g_object_ref: assertion 'object->ref_count > 0' failed

(firefox:3312): GLib-GObject-CRITICAL **: g_object_unref: assertion 'object->ref_count > 0' failed
1506618731257	addons.xpi	WARN	Add-on langpack-en-GB@firefox.mozilla.org is not compatible with application version.
1506618731259	addons.xpi	WARN	Add-on langpack-en-GB@firefox.mozilla.org is not compatible with application version.
1506618731272	addons.xpi	WARN	Add-on langpack-en-ZA@firefox.mozilla.org is not compatible with application version.
1506618731273	addons.xpi	WARN	Add-on langpack-en-ZA@firefox.mozilla.org is not compatible with application version.
1506618732028	addons.xpi	WARN	Add-on langpack-en-GB@firefox.mozilla.org is not compatible with application version.
1506618732029	addons.xpi	WARN	Add-on langpack-en-ZA@firefox.mozilla.org is not compatible with application version.
1506618732034	addons.xpi	WARN	Add-on langpack-en-GB@firefox.mozilla.org is not compatible with application version.
1506618732035	addons.xpi	WARN	Add-on langpack-en-ZA@firefox.mozilla.org is not compatible with application version.
1506618734738	Marionette	INFO	Listening on port 42469
1506618734902	Marionette	WARN	TLS certificate errors will be ignored for this session
1506618734932	Marionette	INFO	New connections will no longer be accepted
1506618879588	geckodriver	INFO	geckodriver 0.19.0
1506618879594	geckodriver	INFO	Listening on 127.0.0.1:50306
1506618880705	mozrunner::runner	INFO	Running command: "/usr/bin/firefox" "-marionette" "-profile" "/tmp/rust_mozprofile.W5viwyaPaXES"

(firefox:3532): GLib-GObject-CRITICAL **: g_object_ref: assertion 'object->ref_count > 0' failed

(firefox:3532): GLib-GObject-CRITICAL **: g_object_unref: assertion 'object->ref_count > 0' failed

(firefox:3532): GLib-GObject-CRITICAL **: g_object_ref: assertion 'object->ref_count > 0' failed

(firefox:3532): GLib-GObject-CRITICAL **: g_object_unref: assertion 'object->ref_count > 0' failed
1506618881143	addons.xpi	WARN	Add-on langpack-en-GB@firefox.mozilla.org is not compatible with application version.
1506618881145	addons.xpi	WARN	Add-on langpack-en-GB@firefox.mozilla.org is not compatible with application version.
1506618881158	addons.xpi	WARN	Add-on langpack-en-ZA@firefox.mozilla.org is not compatible with application version.
1506618881159	addons.xpi	WARN	Add-on langpack-en-ZA@firefox.mozilla.org is not compatible with application version.
1506618881892	addons.xpi	WARN	Add-on langpack-en-GB@firefox.mozilla.org is not compatible with application version.
1506618881893	addons.xpi	WARN	Add-on langpack-en-ZA@firefox.mozilla.org is not compatible with application version.
1506618881899	addons.xpi	WARN	Add-on langpack-en-GB@firefox.mozilla.org is not compatible with application version.
1506618881899	addons.xpi	WARN	Add-on langpack-en-ZA@firefox.mozilla.org is not compatible with application version.
1506618884639	Marionette	INFO	Listening on port 48008
1506618884803	Marionette	WARN	TLS certificate errors will be ignored for this session
1506618886101	Marionette	INFO	New connections will no longer be accepted
1506619233304	geckodriver	INFO	geckodriver 0.19.0
1506619233309	geckodriver	INFO	Listening on 127.0.0.1:48911
1506619234413	mozrunner::runner	INFO	Running command: "/usr/bin/firefox" "-marionette" "-profile" "/tmp/rust_mozprofile.wvVS6jKlUo9l"

(firefox:3863): GLib-GObject-CRITICAL **: g_object_ref: assertion 'object->ref_count > 0' failed

(firefox:3863): GLib-GObject-CRITICAL **: g_object_unref: assertion 'object->ref_count > 0' failed

(firefox:3863): GLib-GObject-CRITICAL **: g_object_ref: assertion 'object->ref_count > 0' failed

(firefox:3863): GLib-GObject-CRITICAL **: g_object_unref: assertion 'object->ref_count > 0' failed
1506619234870	addons.xpi	WARN	Add-on langpack-en-GB@firefox.mozilla.org is not compatible with application version.
1506619234872	addons.xpi	WARN	Add-on langpack-en-GB@firefox.mozilla.org is not compatible with application version.
1506619234885	addons.xpi	WARN	Add-on langpack-en-ZA@firefox.mozilla.org is not compatible with application version.
1506619234885	addons.xpi	WARN	Add-on langpack-en-ZA@firefox.mozilla.org is not compatible with application version.
1506619235628	addons.xpi	WARN	Add-on langpack-en-GB@firefox.mozilla.org is not compatible with application version.
1506619235628	addons.xpi	WARN	Add-on langpack-en-ZA@firefox.mozilla.org is not compatible with application version.
1506619235634	addons.xpi	WARN	Add-on langpack-en-GB@firefox.mozilla.org is not compatible with application version.
1506619235634	addons.xpi	WARN	Add-on langpack-en-ZA@firefox.mozilla.org is not compatible with application version.
1506619238301	Marionette	INFO	Listening on port 47371
1506619238359	Marionette	WARN	TLS certificate errors will be ignored for this session
1506619241510	Marionette	INFO	New connections will no longer be accepted
1506620155342	geckodriver	INFO	geckodriver 0.19.0
1506620155348	geckodriver	INFO	Listening on 127.0.0.1:55526
1506620156459	mozrunner::runner	INFO	Running command: "/usr/bin/firefox" "-marionette" "-profile" "/tmp/rust_mozprofile.upGdfydhR6kg"

(firefox:4629): GLib-GObject-CRITICAL **: g_object_ref: assertion 'object->ref_count > 0' failed

(firefox:4629): GLib-GObject-CRITICAL **: g_object_unref: assertion 'object->ref_count > 0' failed

(firefox:4629): GLib-GObject-CRITICAL **: g_object_ref: assertion 'object->ref_count > 0' failed

(firefox:4629): GLib-GObject-CRITICAL **: g_object_unref: assertion 'object->ref_count > 0' failed
1506620156915	addons.xpi	WARN	Add-on langpack-en-GB@firefox.mozilla.org is not compatible with application version.
1506620156917	addons.xpi	WARN	Add-on langpack-en-GB@firefox.mozilla.org is not compatible with application version.
1506620156930	addons.xpi	WARN	Add-on langpack-en-ZA@firefox.mozilla.org is not compatible with application version.
1506620156931	addons.xpi	WARN	Add-on langpack-en-ZA@firefox.mozilla.org is not compatible with application version.
1506620157649	addons.xpi	WARN	Add-on langpack-en-GB@firefox.mozilla.org is not compatible with application version.
1506620157649	addons.xpi	WARN	Add-on langpack-en-ZA@firefox.mozilla.org is not compatible with application version.
1506620157655	addons.xpi	WARN	Add-on langpack-en-GB@firefox.mozilla.org is not compatible with application version.
1506620157655	addons.xpi	WARN	Add-on langpack-en-ZA@firefox.mozilla.org is not compatible with application version.
1506620160155	Marionette	INFO	Listening on port 34244
1506620160205	Marionette	WARN	TLS certificate errors will be ignored for this session
1506620161601	Marionette	INFO	New connections will no longer be accepted
1506620234660	geckodriver	INFO	geckodriver 0.19.0
1506620234666	geckodriver	INFO	Listening on 127.0.0.1:59443
1506620235778	mozrunner::runner	INFO	Running command: "/usr/bin/firefox" "-marionette" "-profile" "/tmp/rust_mozprofile.VnW61Mlt4pwN"

(firefox:4764): GLib-GObject-CRITICAL **: g_object_ref: assertion 'object->ref_count > 0' failed

(firefox:4764): GLib-GObject-CRITICAL **: g_object_unref: assertion 'object->ref_count > 0' failed

(firefox:4764): GLib-GObject-CRITICAL **: g_object_ref: assertion 'object->ref_count > 0' failed

(firefox:4764): GLib-GObject-CRITICAL **: g_object_unref: assertion 'object->ref_count > 0' failed
1506620236229	addons.xpi	WARN	Add-on langpack-en-GB@firefox.mozilla.org is not compatible with application version.
1506620236231	addons.xpi	WARN	Add-on langpack-en-GB@firefox.mozilla.org is not compatible with application version.
1506620236244	addons.xpi	WARN	Add-on langpack-en-ZA@firefox.mozilla.org is not compatible with application version.
1506620236245	addons.xpi	WARN	Add-on langpack-en-ZA@firefox.mozilla.org is not compatible with application version.
1506620237093	addons.xpi	WARN	Add-on langpack-en-GB@firefox.mozilla.org is not compatible with application version.
1506620237093	addons.xpi	WARN	Add-on langpack-en-ZA@firefox.mozilla.org is not compatible with application version.
1506620237099	addons.xpi	WARN	Add-on langpack-en-GB@firefox.mozilla.org is not compatible with application version.
1506620237100	addons.xpi	WARN	Add-on langpack-en-ZA@firefox.mozilla.org is not compatible with application version.
1506620239892	Marionette	INFO	Listening on port 36160
1506620240039	Marionette	WARN	TLS certificate errors will be ignored for this session
1506620241336	Marionette	INFO	New connections will no longer be accepted
1506620482386	geckodriver	INFO	geckodriver 0.19.0
1506620482391	geckodriver	INFO	Listening on 127.0.0.1:34335
1506620483505	mozrunner::runner	INFO	Running command: "/usr/bin/firefox" "-marionette" "-profile" "/tmp/rust_mozprofile.TC9puURiN6kj"

(firefox:5008): GLib-GObject-CRITICAL **: g_object_ref: assertion 'object->ref_count > 0' failed

(firefox:5008): GLib-GObject-CRITICAL **: g_object_unref: assertion 'object->ref_count > 0' failed

(firefox:5008): GLib-GObject-CRITICAL **: g_object_ref: assertion 'object->ref_count > 0' failed

(firefox:5008): GLib-GObject-CRITICAL **: g_object_unref: assertion 'object->ref_count > 0' failed
1506620483961	addons.xpi	WARN	Add-on langpack-en-GB@firefox.mozilla.org is not compatible with application version.
1506620483963	addons.xpi	WARN	Add-on langpack-en-GB@firefox.mozilla.org is not compatible with application version.
1506620483976	addons.xpi	WARN	Add-on langpack-en-ZA@firefox.mozilla.org is not compatible with application version.
1506620483977	addons.xpi	WARN	Add-on langpack-en-ZA@firefox.mozilla.org is not compatible with application version.
1506620484685	addons.xpi	WARN	Add-on langpack-en-GB@firefox.mozilla.org is not compatible with application version.
1506620484686	addons.xpi	WARN	Add-on langpack-en-ZA@firefox.mozilla.org is not compatible with application version.
1506620484691	addons.xpi	WARN	Add-on langpack-en-GB@firefox.mozilla.org is not compatible with application version.
1506620484692	addons.xpi	WARN	Add-on langpack-en-ZA@firefox.mozilla.org is not compatible with application version.
1506620487279	Marionette	INFO	Listening on port 43374
1506620487333	Marionette	WARN	TLS certificate errors will be ignored for this session
1506620488698	Marionette	INFO	New connections will no longer be accepted
1506693849473	geckodriver	INFO	geckodriver 0.19.0
1506693849477	geckodriver	INFO	Listening on 127.0.0.1:53190
1506693850582	mozrunner::runner	INFO	Running command: "/usr/bin/firefox" "-marionette" "-profile" "/tmp/rust_mozprofile.jigoHK2ZDOAJ"

(firefox:29160): GLib-GObject-CRITICAL **: g_object_ref: assertion 'object->ref_count > 0' failed

(firefox:29160): GLib-GObject-CRITICAL **: g_object_unref: assertion 'object->ref_count > 0' failed

(firefox:29160): GLib-GObject-CRITICAL **: g_object_ref: assertion 'object->ref_count > 0' failed

(firefox:29160): GLib-GObject-CRITICAL **: g_object_unref: assertion 'object->ref_count > 0' failed
1506693851034	addons.xpi	WARN	Add-on langpack-en-GB@firefox.mozilla.org is not compatible with application version.
1506693851036	addons.xpi	WARN	Add-on langpack-en-GB@firefox.mozilla.org is not compatible with application version.
1506693851049	addons.xpi	WARN	Add-on langpack-en-ZA@firefox.mozilla.org is not compatible with application version.
1506693851050	addons.xpi	WARN	Add-on langpack-en-ZA@firefox.mozilla.org is not compatible with application version.
1506693851712	addons.xpi	WARN	Add-on langpack-en-GB@firefox.mozilla.org is not compatible with application version.
1506693851713	addons.xpi	WARN	Add-on langpack-en-ZA@firefox.mozilla.org is not compatible with application version.
1506693851719	addons.xpi	WARN	Add-on langpack-en-GB@firefox.mozilla.org is not compatible with application version.
1506693851719	addons.xpi	WARN	Add-on langpack-en-ZA@firefox.mozilla.org is not compatible with application version.
1506693854531	Marionette	INFO	Listening on port 40689
1506693854691	Marionette	WARN	TLS certificate errors will be ignored for this session
1506693865111	Marionette	INFO	New connections will no longer be accepted
1506699130769	geckodriver	INFO	geckodriver 0.19.0
1506699130775	geckodriver	INFO	Listening on 127.0.0.1:48507
1506699131880	mozrunner::runner	INFO	Running command: "/usr/bin/firefox" "-marionette" "-profile" "/tmp/rust_mozprofile.Wu9j5tMvHkIO"

(firefox:31140): GLib-GObject-CRITICAL **: g_object_ref: assertion 'object->ref_count > 0' failed

(firefox:31140): GLib-GObject-CRITICAL **: g_object_unref: assertion 'object->ref_count > 0' failed

(firefox:31140): GLib-GObject-CRITICAL **: g_object_ref: assertion 'object->ref_count > 0' failed

(firefox:31140): GLib-GObject-CRITICAL **: g_object_unref: assertion 'object->ref_count > 0' failed
1506699132327	addons.xpi	WARN	Add-on langpack-en-GB@firefox.mozilla.org is not compatible with application version.
1506699132329	addons.xpi	WARN	Add-on langpack-en-GB@firefox.mozilla.org is not compatible with application version.
1506699132343	addons.xpi	WARN	Add-on langpack-en-ZA@firefox.mozilla.org is not compatible with application version.
1506699132343	addons.xpi	WARN	Add-on langpack-en-ZA@firefox.mozilla.org is not compatible with application version.
1506699133154	addons.xpi	WARN	Add-on langpack-en-GB@firefox.mozilla.org is not compatible with application version.
1506699133155	addons.xpi	WARN	Add-on langpack-en-ZA@firefox.mozilla.org is not compatible with application version.
1506699133160	addons.xpi	WARN	Add-on langpack-en-GB@firefox.mozilla.org is not compatible with application version.
1506699133161	addons.xpi	WARN	Add-on langpack-en-ZA@firefox.mozilla.org is not compatible with application version.
1506699136004	Marionette	INFO	Listening on port 52415
1506699136207	Marionette	WARN	TLS certificate errors will be ignored for this session
1506699146661	Marionette	INFO	New connections will no longer be accepted
1506700590153	geckodriver	INFO	geckodriver 0.19.0
1506700590159	geckodriver	INFO	Listening on 127.0.0.1:42118
1506700591268	mozrunner::runner	INFO	Running command: "/usr/bin/firefox" "-marionette" "-profile" "/tmp/rust_mozprofile.gmpIyLu8ALp2"

(firefox:31847): GLib-GObject-CRITICAL **: g_object_ref: assertion 'object->ref_count > 0' failed

(firefox:31847): GLib-GObject-CRITICAL **: g_object_unref: assertion 'object->ref_count > 0' failed

(firefox:31847): GLib-GObject-CRITICAL **: g_object_ref: assertion 'object->ref_count > 0' failed

(firefox:31847): GLib-GObject-CRITICAL **: g_object_unref: assertion 'object->ref_count > 0' failed
1506700591718	addons.xpi	WARN	Add-on langpack-en-GB@firefox.mozilla.org is not compatible with application version.
1506700591720	addons.xpi	WARN	Add-on langpack-en-GB@firefox.mozilla.org is not compatible with application version.
1506700591734	addons.xpi	WARN	Add-on langpack-en-ZA@firefox.mozilla.org is not compatible with application version.
1506700591734	addons.xpi	WARN	Add-on langpack-en-ZA@firefox.mozilla.org is not compatible with application version.
1506700592473	addons.xpi	WARN	Add-on langpack-en-GB@firefox.mozilla.org is not compatible with application version.
1506700592474	addons.xpi	WARN	Add-on langpack-en-ZA@firefox.mozilla.org is not compatible with application version.
1506700592479	addons.xpi	WARN	Add-on langpack-en-GB@firefox.mozilla.org is not compatible with application version.
1506700592480	addons.xpi	WARN	Add-on langpack-en-ZA@firefox.mozilla.org is not compatible with application version.
1506700595079	Marionette	INFO	Listening on port 38695
1506700595245	Marionette	WARN	TLS certificate errors will be ignored for this session
1506700605673	Marionette	INFO	New connections will no longer be accepted
1506700605860	geckodriver	INFO	geckodriver 0.19.0
1506700605863	geckodriver	INFO	Listening on 127.0.0.1:40925
1506700606979	mozrunner::runner	INFO	Running command: "/usr/bin/firefox" "-marionette" "-profile" "/tmp/rust_mozprofile.PfGu36I6HCND"

(firefox:31938): GLib-GObject-CRITICAL **: g_object_ref: assertion 'object->ref_count > 0' failed

(firefox:31938): GLib-GObject-CRITICAL **: g_object_unref: assertion 'object->ref_count > 0' failed

(firefox:31938): GLib-GObject-CRITICAL **: g_object_ref: assertion 'object->ref_count > 0' failed

(firefox:31938): GLib-GObject-CRITICAL **: g_object_unref: assertion 'object->ref_count > 0' failed
1506700607436	addons.xpi	WARN	Add-on langpack-en-GB@firefox.mozilla.org is not compatible with application version.
1506700607438	addons.xpi	WARN	Add-on langpack-en-GB@firefox.mozilla.org is not compatible with application version.
1506700607452	addons.xpi	WARN	Add-on langpack-en-ZA@firefox.mozilla.org is not compatible with application version.
1506700607452	addons.xpi	WARN	Add-on langpack-en-ZA@firefox.mozilla.org is not compatible with application version.
1506700608191	addons.xpi	WARN	Add-on langpack-en-GB@firefox.mozilla.org is not compatible with application version.
1506700608192	addons.xpi	WARN	Add-on langpack-en-ZA@firefox.mozilla.org is not compatible with application version.
1506700608198	addons.xpi	WARN	Add-on langpack-en-GB@firefox.mozilla.org is not compatible with application version.
1506700608198	addons.xpi	WARN	Add-on langpack-en-ZA@firefox.mozilla.org is not compatible with application version.
1506700610806	Marionette	INFO	Listening on port 60328
1506700610975	Marionette	WARN	TLS certificate errors will be ignored for this session
1506700612698	Marionette	INFO	New connections will no longer be accepted
1506700787727	geckodriver	INFO	geckodriver 0.19.0
1506700787732	geckodriver	INFO	Listening on 127.0.0.1:35874
1506700788843	mozrunner::runner	INFO	Running command: "/usr/bin/firefox" "-marionette" "-profile" "/tmp/rust_mozprofile.5zNmafPwI1vT"

(firefox:32205): GLib-GObject-CRITICAL **: g_object_ref: assertion 'object->ref_count > 0' failed

(firefox:32205): GLib-GObject-CRITICAL **: g_object_unref: assertion 'object->ref_count > 0' failed

(firefox:32205): GLib-GObject-CRITICAL **: g_object_ref: assertion 'object->ref_count > 0' failed

(firefox:32205): GLib-GObject-CRITICAL **: g_object_unref: assertion 'object->ref_count > 0' failed
1506700789310	addons.xpi	WARN	Add-on langpack-en-GB@firefox.mozilla.org is not compatible with application version.
1506700789312	addons.xpi	WARN	Add-on langpack-en-GB@firefox.mozilla.org is not compatible with application version.
1506700789325	addons.xpi	WARN	Add-on langpack-en-ZA@firefox.mozilla.org is not compatible with application version.
1506700789326	addons.xpi	WARN	Add-on langpack-en-ZA@firefox.mozilla.org is not compatible with application version.
1506700790114	addons.xpi	WARN	Add-on langpack-en-GB@firefox.mozilla.org is not compatible with application version.
1506700790115	addons.xpi	WARN	Add-on langpack-en-ZA@firefox.mozilla.org is not compatible with application version.
1506700790120	addons.xpi	WARN	Add-on langpack-en-GB@firefox.mozilla.org is not compatible with application version.
1506700790121	addons.xpi	WARN	Add-on langpack-en-ZA@firefox.mozilla.org is not compatible with application version.
1506700792768	Marionette	INFO	Listening on port 35367
1506700792931	Marionette	WARN	TLS certificate errors will be ignored for this session
1506700803576	Marionette	INFO	New connections will no longer be accepted
1506700803771	geckodriver	INFO	geckodriver 0.19.0
1506700803776	geckodriver	INFO	Listening on 127.0.0.1:32991
1506700804885	mozrunner::runner	INFO	Running command: "/usr/bin/firefox" "-marionette" "-profile" "/tmp/rust_mozprofile.lJwRbdHG9wGh"

(firefox:32300): GLib-GObject-CRITICAL **: g_object_ref: assertion 'object->ref_count > 0' failed

(firefox:32300): GLib-GObject-CRITICAL **: g_object_unref: assertion 'object->ref_count > 0' failed

(firefox:32300): GLib-GObject-CRITICAL **: g_object_ref: assertion 'object->ref_count > 0' failed

(firefox:32300): GLib-GObject-CRITICAL **: g_object_unref: assertion 'object->ref_count > 0' failed
1506700805328	addons.xpi	WARN	Add-on langpack-en-GB@firefox.mozilla.org is not compatible with application version.
1506700805330	addons.xpi	WARN	Add-on langpack-en-GB@firefox.mozilla.org is not compatible with application version.
1506700805344	addons.xpi	WARN	Add-on langpack-en-ZA@firefox.mozilla.org is not compatible with application version.
1506700805344	addons.xpi	WARN	Add-on langpack-en-ZA@firefox.mozilla.org is not compatible with application version.
1506700806072	addons.xpi	WARN	Add-on langpack-en-GB@firefox.mozilla.org is not compatible with application version.
1506700806072	addons.xpi	WARN	Add-on langpack-en-ZA@firefox.mozilla.org is not compatible with application version.
1506700806078	addons.xpi	WARN	Add-on langpack-en-GB@firefox.mozilla.org is not compatible with application version.
1506700806078	addons.xpi	WARN	Add-on langpack-en-ZA@firefox.mozilla.org is not compatible with application version.
1506700808802	Marionette	INFO	Listening on port 49636
1506700808963	Marionette	WARN	TLS certificate errors will be ignored for this session
1506700810746	Marionette	INFO	New connections will no longer be accepted
1506701007112	geckodriver	INFO	geckodriver 0.19.0
1506701007119	geckodriver	INFO	Listening on 127.0.0.1:42488
1506701008227	mozrunner::runner	INFO	Running command: "/usr/bin/firefox" "-marionette" "-profile" "/tmp/rust_mozprofile.wx9fh7hxBGWW"

(firefox:32490): GLib-GObject-CRITICAL **: g_object_ref: assertion 'object->ref_count > 0' failed

(firefox:32490): GLib-GObject-CRITICAL **: g_object_unref: assertion 'object->ref_count > 0' failed

(firefox:32490): GLib-GObject-CRITICAL **: g_object_ref: assertion 'object->ref_count > 0' failed

(firefox:32490): GLib-GObject-CRITICAL **: g_object_unref: assertion 'object->ref_count > 0' failed
1506701008664	addons.xpi	WARN	Add-on langpack-en-GB@firefox.mozilla.org is not compatible with application version.
1506701008666	addons.xpi	WARN	Add-on langpack-en-GB@firefox.mozilla.org is not compatible with application version.
1506701008679	addons.xpi	WARN	Add-on langpack-en-ZA@firefox.mozilla.org is not compatible with application version.
1506701008680	addons.xpi	WARN	Add-on langpack-en-ZA@firefox.mozilla.org is not compatible with application version.
1506701009364	addons.xpi	WARN	Add-on langpack-en-GB@firefox.mozilla.org is not compatible with application version.
1506701009364	addons.xpi	WARN	Add-on langpack-en-ZA@firefox.mozilla.org is not compatible with application version.
1506701009370	addons.xpi	WARN	Add-on langpack-en-GB@firefox.mozilla.org is not compatible with application version.
1506701009371	addons.xpi	WARN	Add-on langpack-en-ZA@firefox.mozilla.org is not compatible with application version.
1506701011996	Marionette	INFO	Listening on port 49543
1506701012212	Marionette	WARN	TLS certificate errors will be ignored for this session
1506701014631	Marionette	INFO	New connections will no longer be accepted
1506701014830	geckodriver	INFO	geckodriver 0.19.0
1506701014833	geckodriver	INFO	Listening on 127.0.0.1:50177
1506701015949	mozrunner::runner	INFO	Running command: "/usr/bin/firefox" "-marionette" "-profile" "/tmp/rust_mozprofile.FCnaAaNab4rc"

(firefox:32577): GLib-GObject-CRITICAL **: g_object_ref: assertion 'object->ref_count > 0' failed

(firefox:32577): GLib-GObject-CRITICAL **: g_object_unref: assertion 'object->ref_count > 0' failed

(firefox:32577): GLib-GObject-CRITICAL **: g_object_ref: assertion 'object->ref_count > 0' failed

(firefox:32577): GLib-GObject-CRITICAL **: g_object_unref: assertion 'object->ref_count > 0' failed
1506701016411	addons.xpi	WARN	Add-on langpack-en-GB@firefox.mozilla.org is not compatible with application version.
1506701016413	addons.xpi	WARN	Add-on langpack-en-GB@firefox.mozilla.org is not compatible with application version.
1506701016426	addons.xpi	WARN	Add-on langpack-en-ZA@firefox.mozilla.org is not compatible with application version.
1506701016427	addons.xpi	WARN	Add-on langpack-en-ZA@firefox.mozilla.org is not compatible with application version.
1506701017143	addons.xpi	WARN	Add-on langpack-en-GB@firefox.mozilla.org is not compatible with application version.
1506701017144	addons.xpi	WARN	Add-on langpack-en-ZA@firefox.mozilla.org is not compatible with application version.
1506701017150	addons.xpi	WARN	Add-on langpack-en-GB@firefox.mozilla.org is not compatible with application version.
1506701017150	addons.xpi	WARN	Add-on langpack-en-ZA@firefox.mozilla.org is not compatible with application version.
1506701019825	Marionette	INFO	Listening on port 49888
1506701019889	Marionette	WARN	TLS certificate errors will be ignored for this session
1506701021568	Marionette	INFO	New connections will no longer be accepted
1506702360580	geckodriver	INFO	geckodriver 0.19.0
1506702360587	geckodriver	INFO	Listening on 127.0.0.1:37565
1506702361689	mozrunner::runner	INFO	Running command: "/usr/bin/firefox" "-marionette" "-profile" "/tmp/rust_mozprofile.HFgeQYHzun3c"

(firefox:798): GLib-GObject-CRITICAL **: g_object_ref: assertion 'object->ref_count > 0' failed

(firefox:798): GLib-GObject-CRITICAL **: g_object_unref: assertion 'object->ref_count > 0' failed

(firefox:798): GLib-GObject-CRITICAL **: g_object_ref: assertion 'object->ref_count > 0' failed

(firefox:798): GLib-GObject-CRITICAL **: g_object_unref: assertion 'object->ref_count > 0' failed
1506702362156	addons.xpi	WARN	Add-on langpack-en-GB@firefox.mozilla.org is not compatible with application version.
1506702362158	addons.xpi	WARN	Add-on langpack-en-GB@firefox.mozilla.org is not compatible with application version.
1506702362172	addons.xpi	WARN	Add-on langpack-en-ZA@firefox.mozilla.org is not compatible with application version.
1506702362172	addons.xpi	WARN	Add-on langpack-en-ZA@firefox.mozilla.org is not compatible with application version.
1506702362885	addons.xpi	WARN	Add-on langpack-en-GB@firefox.mozilla.org is not compatible with application version.
1506702362886	addons.xpi	WARN	Add-on langpack-en-ZA@firefox.mozilla.org is not compatible with application version.
1506702362892	addons.xpi	WARN	Add-on langpack-en-GB@firefox.mozilla.org is not compatible with application version.
1506702362893	addons.xpi	WARN	Add-on langpack-en-ZA@firefox.mozilla.org is not compatible with application version.
1506702365523	Marionette	INFO	Listening on port 58186
1506702365708	Marionette	WARN	TLS certificate errors will be ignored for this session
1506702377722	Marionette	INFO	New connections will no longer be accepted
1506702377900	geckodriver	INFO	geckodriver 0.19.0
1506702377904	geckodriver	INFO	Listening on 127.0.0.1:57497
1506702379018	mozrunner::runner	INFO	Running command: "/usr/bin/firefox" "-marionette" "-profile" "/tmp/rust_mozprofile.WPaPBsZll9z2"

(firefox:892): GLib-GObject-CRITICAL **: g_object_ref: assertion 'object->ref_count > 0' failed

(firefox:892): GLib-GObject-CRITICAL **: g_object_unref: assertion 'object->ref_count > 0' failed

(firefox:892): GLib-GObject-CRITICAL **: g_object_ref: assertion 'object->ref_count > 0' failed

(firefox:892): GLib-GObject-CRITICAL **: g_object_unref: assertion 'object->ref_count > 0' failed
1506702379462	addons.xpi	WARN	Add-on langpack-en-GB@firefox.mozilla.org is not compatible with application version.
1506702379464	addons.xpi	WARN	Add-on langpack-en-GB@firefox.mozilla.org is not compatible with application version.
1506702379477	addons.xpi	WARN	Add-on langpack-en-ZA@firefox.mozilla.org is not compatible with application version.
1506702379477	addons.xpi	WARN	Add-on langpack-en-ZA@firefox.mozilla.org is not compatible with application version.
1506702380237	addons.xpi	WARN	Add-on langpack-en-GB@firefox.mozilla.org is not compatible with application version.
1506702380238	addons.xpi	WARN	Add-on langpack-en-ZA@firefox.mozilla.org is not compatible with application version.
1506702380243	addons.xpi	WARN	Add-on langpack-en-GB@firefox.mozilla.org is not compatible with application version.
1506702380244	addons.xpi	WARN	Add-on langpack-en-ZA@firefox.mozilla.org is not compatible with application version.
1506702382934	Marionette	INFO	Listening on port 58562
1506702383098	Marionette	WARN	TLS certificate errors will be ignored for this session
1506702384823	Marionette	INFO	New connections will no longer be accepted
1506702385102	geckodriver	INFO	geckodriver 0.19.0
1506702385107	geckodriver	INFO	Listening on 127.0.0.1:47890
1506702386220	mozrunner::runner	INFO	Running command: "/usr/bin/firefox" "-marionette" "-profile" "/tmp/rust_mozprofile.broQtZfqeP4I"

(firefox:979): GLib-GObject-CRITICAL **: g_object_ref: assertion 'object->ref_count > 0' failed

(firefox:979): GLib-GObject-CRITICAL **: g_object_unref: assertion 'object->ref_count > 0' failed

(firefox:979): GLib-GObject-CRITICAL **: g_object_ref: assertion 'object->ref_count > 0' failed

(firefox:979): GLib-GObject-CRITICAL **: g_object_unref: assertion 'object->ref_count > 0' failed
1506702386677	addons.xpi	WARN	Add-on langpack-en-GB@firefox.mozilla.org is not compatible with application version.
1506702386679	addons.xpi	WARN	Add-on langpack-en-GB@firefox.mozilla.org is not compatible with application version.
1506702386692	addons.xpi	WARN	Add-on langpack-en-ZA@firefox.mozilla.org is not compatible with application version.
1506702386693	addons.xpi	WARN	Add-on langpack-en-ZA@firefox.mozilla.org is not compatible with application version.
1506702387472	addons.xpi	WARN	Add-on langpack-en-GB@firefox.mozilla.org is not compatible with application version.
1506702387473	addons.xpi	WARN	Add-on langpack-en-ZA@firefox.mozilla.org is not compatible with application version.
1506702387478	addons.xpi	WARN	Add-on langpack-en-GB@firefox.mozilla.org is not compatible with application version.
1506702387479	addons.xpi	WARN	Add-on langpack-en-ZA@firefox.mozilla.org is not compatible with application version.
1506702390096	Marionette	INFO	Listening on port 57832
1506702390267	Marionette	WARN	TLS certificate errors will be ignored for this session
1506702390458	Marionette	INFO	New connections will no longer be accepted
1506702464549	geckodriver	INFO	geckodriver 0.19.0
1506702464555	geckodriver	INFO	Listening on 127.0.0.1:41815
1506702465664	mozrunner::runner	INFO	Running command: "/usr/bin/firefox" "-marionette" "-profile" "/tmp/rust_mozprofile.dbcvWKvpZgYo"

(firefox:1123): GLib-GObject-CRITICAL **: g_object_ref: assertion 'object->ref_count > 0' failed

(firefox:1123): GLib-GObject-CRITICAL **: g_object_unref: assertion 'object->ref_count > 0' failed

(firefox:1123): GLib-GObject-CRITICAL **: g_object_ref: assertion 'object->ref_count > 0' failed

(firefox:1123): GLib-GObject-CRITICAL **: g_object_unref: assertion 'object->ref_count > 0' failed
1506702466101	addons.xpi	WARN	Add-on langpack-en-GB@firefox.mozilla.org is not compatible with application version.
1506702466103	addons.xpi	WARN	Add-on langpack-en-GB@firefox.mozilla.org is not compatible with application version.
1506702466116	addons.xpi	WARN	Add-on langpack-en-ZA@firefox.mozilla.org is not compatible with application version.
1506702466117	addons.xpi	WARN	Add-on langpack-en-ZA@firefox.mozilla.org is not compatible with application version.
1506702466839	addons.xpi	WARN	Add-on langpack-en-GB@firefox.mozilla.org is not compatible with application version.
1506702466840	addons.xpi	WARN	Add-on langpack-en-ZA@firefox.mozilla.org is not compatible with application version.
1506702466845	addons.xpi	WARN	Add-on langpack-en-GB@firefox.mozilla.org is not compatible with application version.
1506702466846	addons.xpi	WARN	Add-on langpack-en-ZA@firefox.mozilla.org is not compatible with application version.
1506702469376	Marionette	INFO	Listening on port 42132
1506702469547	Marionette	WARN	TLS certificate errors will be ignored for this session
1506702471983	Marionette	INFO	New connections will no longer be accepted
1506702472181	geckodriver	INFO	geckodriver 0.19.0
1506702472187	geckodriver	INFO	Listening on 127.0.0.1:34087
1506702473295	mozrunner::runner	INFO	Running command: "/usr/bin/firefox" "-marionette" "-profile" "/tmp/rust_mozprofile.1QUrKCMP30xJ"

(firefox:1274): GLib-GObject-CRITICAL **: g_object_ref: assertion 'object->ref_count > 0' failed

(firefox:1274): GLib-GObject-CRITICAL **: g_object_unref: assertion 'object->ref_count > 0' failed

(firefox:1274): GLib-GObject-CRITICAL **: g_object_ref: assertion 'object->ref_count > 0' failed

(firefox:1274): GLib-GObject-CRITICAL **: g_object_unref: assertion 'object->ref_count > 0' failed
1506702473740	addons.xpi	WARN	Add-on langpack-en-GB@firefox.mozilla.org is not compatible with application version.
1506702473742	addons.xpi	WARN	Add-on langpack-en-GB@firefox.mozilla.org is not compatible with application version.
1506702473757	addons.xpi	WARN	Add-on langpack-en-ZA@firefox.mozilla.org is not compatible with application version.
1506702473758	addons.xpi	WARN	Add-on langpack-en-ZA@firefox.mozilla.org is not compatible with application version.
1506702474423	addons.xpi	WARN	Add-on langpack-en-GB@firefox.mozilla.org is not compatible with application version.
1506702474424	addons.xpi	WARN	Add-on langpack-en-ZA@firefox.mozilla.org is not compatible with application version.
1506702474429	addons.xpi	WARN	Add-on langpack-en-GB@firefox.mozilla.org is not compatible with application version.
1506702474430	addons.xpi	WARN	Add-on langpack-en-ZA@firefox.mozilla.org is not compatible with application version.
1506702477112	Marionette	INFO	Listening on port 36242
1506702477266	Marionette	WARN	TLS certificate errors will be ignored for this session
1506702478964	Marionette	INFO	New connections will no longer be accepted
1506702479128	geckodriver	INFO	geckodriver 0.19.0
1506702479131	geckodriver	INFO	Listening on 127.0.0.1:54809
1506702480237	mozrunner::runner	INFO	Running command: "/usr/bin/firefox" "-marionette" "-profile" "/tmp/rust_mozprofile.ggtSAN7v30zJ"

(firefox:1374): GLib-GObject-CRITICAL **: g_object_ref: assertion 'object->ref_count > 0' failed

(firefox:1374): GLib-GObject-CRITICAL **: g_object_unref: assertion 'object->ref_count > 0' failed

(firefox:1374): GLib-GObject-CRITICAL **: g_object_ref: assertion 'object->ref_count > 0' failed

(firefox:1374): GLib-GObject-CRITICAL **: g_object_unref: assertion 'object->ref_count > 0' failed
1506702480720	addons.xpi	WARN	Add-on langpack-en-GB@firefox.mozilla.org is not compatible with application version.
1506702480722	addons.xpi	WARN	Add-on langpack-en-GB@firefox.mozilla.org is not compatible with application version.
1506702480735	addons.xpi	WARN	Add-on langpack-en-ZA@firefox.mozilla.org is not compatible with application version.
1506702480736	addons.xpi	WARN	Add-on langpack-en-ZA@firefox.mozilla.org is not compatible with application version.
1506702481464	addons.xpi	WARN	Add-on langpack-en-GB@firefox.mozilla.org is not compatible with application version.
1506702481465	addons.xpi	WARN	Add-on langpack-en-ZA@firefox.mozilla.org is not compatible with application version.
1506702481471	addons.xpi	WARN	Add-on langpack-en-GB@firefox.mozilla.org is not compatible with application version.
1506702481471	addons.xpi	WARN	Add-on langpack-en-ZA@firefox.mozilla.org is not compatible with application version.
1506702484108	Marionette	INFO	Listening on port 54957
1506702484167	Marionette	WARN	TLS certificate errors will be ignored for this session
1506702484414	Marionette	INFO	New connections will no longer be accepted
1506703131562	geckodriver	INFO	geckodriver 0.19.0
1506703131568	geckodriver	INFO	Listening on 127.0.0.1:55229
1506703132679	mozrunner::runner	INFO	Running command: "/usr/bin/firefox" "-marionette" "-profile" "/tmp/rust_mozprofile.OQrhhnDNms6d"

(firefox:1955): GLib-GObject-CRITICAL **: g_object_ref: assertion 'object->ref_count > 0' failed

(firefox:1955): GLib-GObject-CRITICAL **: g_object_unref: assertion 'object->ref_count > 0' failed

(firefox:1955): GLib-GObject-CRITICAL **: g_object_ref: assertion 'object->ref_count > 0' failed

(firefox:1955): GLib-GObject-CRITICAL **: g_object_unref: assertion 'object->ref_count > 0' failed
1506703133133	addons.xpi	WARN	Add-on langpack-en-GB@firefox.mozilla.org is not compatible with application version.
1506703133135	addons.xpi	WARN	Add-on langpack-en-GB@firefox.mozilla.org is not compatible with application version.
1506703133149	addons.xpi	WARN	Add-on langpack-en-ZA@firefox.mozilla.org is not compatible with application version.
1506703133149	addons.xpi	WARN	Add-on langpack-en-ZA@firefox.mozilla.org is not compatible with application version.
1506703133941	addons.xpi	WARN	Add-on langpack-en-GB@firefox.mozilla.org is not compatible with application version.
1506703133942	addons.xpi	WARN	Add-on langpack-en-ZA@firefox.mozilla.org is not compatible with application version.
1506703133947	addons.xpi	WARN	Add-on langpack-en-GB@firefox.mozilla.org is not compatible with application version.
1506703133948	addons.xpi	WARN	Add-on langpack-en-ZA@firefox.mozilla.org is not compatible with application version.
1506703136524	Marionette	INFO	Listening on port 48357
1506703136695	Marionette	WARN	TLS certificate errors will be ignored for this session
1506703139232	Marionette	INFO	New connections will no longer be accepted
1506703139431	geckodriver	INFO	geckodriver 0.19.0
1506703139434	geckodriver	INFO	Listening on 127.0.0.1:55507
1506703140551	mozrunner::runner	INFO	Running command: "/usr/bin/firefox" "-marionette" "-profile" "/tmp/rust_mozprofile.ljRiaE2mQnTv"

(firefox:2040): GLib-GObject-CRITICAL **: g_object_ref: assertion 'object->ref_count > 0' failed

(firefox:2040): GLib-GObject-CRITICAL **: g_object_unref: assertion 'object->ref_count > 0' failed

(firefox:2040): GLib-GObject-CRITICAL **: g_object_ref: assertion 'object->ref_count > 0' failed

(firefox:2040): GLib-GObject-CRITICAL **: g_object_unref: assertion 'object->ref_count > 0' failed
1506703141002	addons.xpi	WARN	Add-on langpack-en-GB@firefox.mozilla.org is not compatible with application version.
1506703141004	addons.xpi	WARN	Add-on langpack-en-GB@firefox.mozilla.org is not compatible with application version.
1506703141017	addons.xpi	WARN	Add-on langpack-en-ZA@firefox.mozilla.org is not compatible with application version.
1506703141018	addons.xpi	WARN	Add-on langpack-en-ZA@firefox.mozilla.org is not compatible with application version.
1506703141744	addons.xpi	WARN	Add-on langpack-en-GB@firefox.mozilla.org is not compatible with application version.
1506703141744	addons.xpi	WARN	Add-on langpack-en-ZA@firefox.mozilla.org is not compatible with application version.
1506703141750	addons.xpi	WARN	Add-on langpack-en-GB@firefox.mozilla.org is not compatible with application version.
1506703141750	addons.xpi	WARN	Add-on langpack-en-ZA@firefox.mozilla.org is not compatible with application version.
1506703144381	Marionette	INFO	Listening on port 39651
1506703144535	Marionette	WARN	TLS certificate errors will be ignored for this session
1506703146106	Marionette	INFO	New connections will no longer be accepted
1506703146332	geckodriver	INFO	geckodriver 0.19.0
1506703146338	geckodriver	INFO	Listening on 127.0.0.1:58901
1506703147444	mozrunner::runner	INFO	Running command: "/usr/bin/firefox" "-marionette" "-profile" "/tmp/rust_mozprofile.tYKBDsJTRwDC"

(firefox:2129): GLib-GObject-CRITICAL **: g_object_ref: assertion 'object->ref_count > 0' failed

(firefox:2129): GLib-GObject-CRITICAL **: g_object_unref: assertion 'object->ref_count > 0' failed

(firefox:2129): GLib-GObject-CRITICAL **: g_object_ref: assertion 'object->ref_count > 0' failed

(firefox:2129): GLib-GObject-CRITICAL **: g_object_unref: assertion 'object->ref_count > 0' failed
1506703147881	addons.xpi	WARN	Add-on langpack-en-GB@firefox.mozilla.org is not compatible with application version.
1506703147883	addons.xpi	WARN	Add-on langpack-en-GB@firefox.mozilla.org is not compatible with application version.
1506703147896	addons.xpi	WARN	Add-on langpack-en-ZA@firefox.mozilla.org is not compatible with application version.
1506703147897	addons.xpi	WARN	Add-on langpack-en-ZA@firefox.mozilla.org is not compatible with application version.
1506703148619	addons.xpi	WARN	Add-on langpack-en-GB@firefox.mozilla.org is not compatible with application version.
1506703148619	addons.xpi	WARN	Add-on langpack-en-ZA@firefox.mozilla.org is not compatible with application version.
1506703148625	addons.xpi	WARN	Add-on langpack-en-GB@firefox.mozilla.org is not compatible with application version.
1506703148626	addons.xpi	WARN	Add-on langpack-en-ZA@firefox.mozilla.org is not compatible with application version.
1506703151272	Marionette	INFO	Listening on port 54960
1506703151408	Marionette	WARN	TLS certificate errors will be ignored for this session
1506703151591	Marionette	INFO	New connections will no longer be accepted
1506703275891	geckodriver	INFO	geckodriver 0.19.0
1506703275897	geckodriver	INFO	Listening on 127.0.0.1:41918
1506703277006	mozrunner::runner	INFO	Running command: "/usr/bin/firefox" "-marionette" "-profile" "/tmp/rust_mozprofile.QFIkjynY8zwQ"

(firefox:2280): GLib-GObject-CRITICAL **: g_object_ref: assertion 'object->ref_count > 0' failed

(firefox:2280): GLib-GObject-CRITICAL **: g_object_unref: assertion 'object->ref_count > 0' failed

(firefox:2280): GLib-GObject-CRITICAL **: g_object_ref: assertion 'object->ref_count > 0' failed

(firefox:2280): GLib-GObject-CRITICAL **: g_object_unref: assertion 'object->ref_count > 0' failed
1506703277442	addons.xpi	WARN	Add-on langpack-en-GB@firefox.mozilla.org is not compatible with application version.
1506703277444	addons.xpi	WARN	Add-on langpack-en-GB@firefox.mozilla.org is not compatible with application version.
1506703277457	addons.xpi	WARN	Add-on langpack-en-ZA@firefox.mozilla.org is not compatible with application version.
1506703277457	addons.xpi	WARN	Add-on langpack-en-ZA@firefox.mozilla.org is not compatible with application version.
1506703278162	addons.xpi	WARN	Add-on langpack-en-GB@firefox.mozilla.org is not compatible with application version.
1506703278163	addons.xpi	WARN	Add-on langpack-en-ZA@firefox.mozilla.org is not compatible with application version.
1506703278169	addons.xpi	WARN	Add-on langpack-en-GB@firefox.mozilla.org is not compatible with application version.
1506703278169	addons.xpi	WARN	Add-on langpack-en-ZA@firefox.mozilla.org is not compatible with application version.
1506703280790	Marionette	INFO	Listening on port 36658
1506703280849	Marionette	WARN	TLS certificate errors will be ignored for this session
1506703283429	Marionette	INFO	New connections will no longer be accepted
1506703283613	geckodriver	INFO	geckodriver 0.19.0
1506703283617	geckodriver	INFO	Listening on 127.0.0.1:46928
1506703284726	mozrunner::runner	INFO	Running command: "/usr/bin/firefox" "-marionette" "-profile" "/tmp/rust_mozprofile.QkeMLYiwfbF2"

(firefox:2369): GLib-GObject-CRITICAL **: g_object_ref: assertion 'object->ref_count > 0' failed

(firefox:2369): GLib-GObject-CRITICAL **: g_object_unref: assertion 'object->ref_count > 0' failed

(firefox:2369): GLib-GObject-CRITICAL **: g_object_ref: assertion 'object->ref_count > 0' failed

(firefox:2369): GLib-GObject-CRITICAL **: g_object_unref: assertion 'object->ref_count > 0' failed
1506703285187	addons.xpi	WARN	Add-on langpack-en-GB@firefox.mozilla.org is not compatible with application version.
1506703285189	addons.xpi	WARN	Add-on langpack-en-GB@firefox.mozilla.org is not compatible with application version.
1506703285202	addons.xpi	WARN	Add-on langpack-en-ZA@firefox.mozilla.org is not compatible with application version.
1506703285203	addons.xpi	WARN	Add-on langpack-en-ZA@firefox.mozilla.org is not compatible with application version.
1506703285925	addons.xpi	WARN	Add-on langpack-en-GB@firefox.mozilla.org is not compatible with application version.
1506703285926	addons.xpi	WARN	Add-on langpack-en-ZA@firefox.mozilla.org is not compatible with application version.
1506703285931	addons.xpi	WARN	Add-on langpack-en-GB@firefox.mozilla.org is not compatible with application version.
1506703285932	addons.xpi	WARN	Add-on langpack-en-ZA@firefox.mozilla.org is not compatible with application version.
1506703288502	Marionette	INFO	Listening on port 44983
1506703288560	Marionette	WARN	TLS certificate errors will be ignored for this session
1506703290287	Marionette	INFO	New connections will no longer be accepted
1506703290453	geckodriver	INFO	geckodriver 0.19.0
1506703290459	geckodriver	INFO	Listening on 127.0.0.1:58983
1506703291573	mozrunner::runner	INFO	Running command: "/usr/bin/firefox" "-marionette" "-profile" "/tmp/rust_mozprofile.CHCwMDlP1pKm"

(firefox:2455): GLib-GObject-CRITICAL **: g_object_ref: assertion 'object->ref_count > 0' failed

(firefox:2455): GLib-GObject-CRITICAL **: g_object_unref: assertion 'object->ref_count > 0' failed

(firefox:2455): GLib-GObject-CRITICAL **: g_object_ref: assertion 'object->ref_count > 0' failed

(firefox:2455): GLib-GObject-CRITICAL **: g_object_unref: assertion 'object->ref_count > 0' failed
1506703292038	addons.xpi	WARN	Add-on langpack-en-GB@firefox.mozilla.org is not compatible with application version.
1506703292040	addons.xpi	WARN	Add-on langpack-en-GB@firefox.mozilla.org is not compatible with application version.
1506703292053	addons.xpi	WARN	Add-on langpack-en-ZA@firefox.mozilla.org is not compatible with application version.
1506703292054	addons.xpi	WARN	Add-on langpack-en-ZA@firefox.mozilla.org is not compatible with application version.
1506703292822	addons.xpi	WARN	Add-on langpack-en-GB@firefox.mozilla.org is not compatible with application version.
1506703292823	addons.xpi	WARN	Add-on langpack-en-ZA@firefox.mozilla.org is not compatible with application version.
1506703292828	addons.xpi	WARN	Add-on langpack-en-GB@firefox.mozilla.org is not compatible with application version.
1506703292829	addons.xpi	WARN	Add-on langpack-en-ZA@firefox.mozilla.org is not compatible with application version.
1506703295477	Marionette	INFO	Listening on port 37904
1506703295537	Marionette	WARN	TLS certificate errors will be ignored for this session
1506703295823	Marionette	INFO	New connections will no longer be accepted
1506960305351	geckodriver	INFO	geckodriver 0.19.0
1506960305378	geckodriver	INFO	Listening on 127.0.0.1:44579
1506960306498	mozrunner::runner	INFO	Running command: "/usr/bin/firefox" "-marionette" "-profile" "/tmp/rust_mozprofile.S4nGOs3MPnkU"

(firefox:8521): GLib-GObject-CRITICAL **: g_object_ref: assertion 'object->ref_count > 0' failed

(firefox:8521): GLib-GObject-CRITICAL **: g_object_unref: assertion 'object->ref_count > 0' failed

(firefox:8521): GLib-GObject-CRITICAL **: g_object_ref: assertion 'object->ref_count > 0' failed

(firefox:8521): GLib-GObject-CRITICAL **: g_object_unref: assertion 'object->ref_count > 0' failed
1506960307017	addons.xpi	WARN	Add-on langpack-en-GB@firefox.mozilla.org is not compatible with application version.
1506960307019	addons.xpi	WARN	Add-on langpack-en-GB@firefox.mozilla.org is not compatible with application version.
1506960307046	addons.xpi	WARN	Add-on langpack-en-ZA@firefox.mozilla.org is not compatible with application version.
1506960307047	addons.xpi	WARN	Add-on langpack-en-ZA@firefox.mozilla.org is not compatible with application version.
1506960307844	addons.xpi	WARN	Add-on langpack-en-GB@firefox.mozilla.org is not compatible with application version.
1506960307845	addons.xpi	WARN	Add-on langpack-en-ZA@firefox.mozilla.org is not compatible with application version.
1506960307850	addons.xpi	WARN	Add-on langpack-en-GB@firefox.mozilla.org is not compatible with application version.
1506960307851	addons.xpi	WARN	Add-on langpack-en-ZA@firefox.mozilla.org is not compatible with application version.
1506960310954	Marionette	INFO	Listening on port 44327
1506960311129	Marionette	WARN	TLS certificate errors will be ignored for this session
1506960322534	Marionette	INFO	New connections will no longer be accepted
1506960322725	geckodriver	INFO	geckodriver 0.19.0
1506960322728	geckodriver	INFO	Listening on 127.0.0.1:48880
1506960323833	mozrunner::runner	INFO	Running command: "/usr/bin/firefox" "-marionette" "-profile" "/tmp/rust_mozprofile.GJe89mXgfTIf"

(firefox:8612): GLib-GObject-CRITICAL **: g_object_ref: assertion 'object->ref_count > 0' failed

(firefox:8612): GLib-GObject-CRITICAL **: g_object_unref: assertion 'object->ref_count > 0' failed

(firefox:8612): GLib-GObject-CRITICAL **: g_object_ref: assertion 'object->ref_count > 0' failed

(firefox:8612): GLib-GObject-CRITICAL **: g_object_unref: assertion 'object->ref_count > 0' failed
1506960324282	addons.xpi	WARN	Add-on langpack-en-GB@firefox.mozilla.org is not compatible with application version.
1506960324284	addons.xpi	WARN	Add-on langpack-en-GB@firefox.mozilla.org is not compatible with application version.
1506960324297	addons.xpi	WARN	Add-on langpack-en-ZA@firefox.mozilla.org is not compatible with application version.
1506960324298	addons.xpi	WARN	Add-on langpack-en-ZA@firefox.mozilla.org is not compatible with application version.
1506960325102	addons.xpi	WARN	Add-on langpack-en-GB@firefox.mozilla.org is not compatible with application version.
1506960325102	addons.xpi	WARN	Add-on langpack-en-ZA@firefox.mozilla.org is not compatible with application version.
1506960325108	addons.xpi	WARN	Add-on langpack-en-GB@firefox.mozilla.org is not compatible with application version.
1506960325109	addons.xpi	WARN	Add-on langpack-en-ZA@firefox.mozilla.org is not compatible with application version.
1506960327964	Marionette	INFO	Listening on port 55809
1506960328129	Marionette	WARN	TLS certificate errors will be ignored for this session
1506960339486	Marionette	INFO	New connections will no longer be accepted
1506960693413	geckodriver	INFO	geckodriver 0.19.0
1506960693419	geckodriver	INFO	Listening on 127.0.0.1:56790
1506960694524	mozrunner::runner	INFO	Running command: "/usr/bin/firefox" "-marionette" "-profile" "/tmp/rust_mozprofile.AQ7gx581gfw2"

(firefox:8861): GLib-GObject-CRITICAL **: g_object_ref: assertion 'object->ref_count > 0' failed

(firefox:8861): GLib-GObject-CRITICAL **: g_object_unref: assertion 'object->ref_count > 0' failed

(firefox:8861): GLib-GObject-CRITICAL **: g_object_ref: assertion 'object->ref_count > 0' failed

(firefox:8861): GLib-GObject-CRITICAL **: g_object_unref: assertion 'object->ref_count > 0' failed
1506960694988	addons.xpi	WARN	Add-on langpack-en-GB@firefox.mozilla.org is not compatible with application version.
1506960694990	addons.xpi	WARN	Add-on langpack-en-GB@firefox.mozilla.org is not compatible with application version.
1506960695003	addons.xpi	WARN	Add-on langpack-en-ZA@firefox.mozilla.org is not compatible with application version.
1506960695004	addons.xpi	WARN	Add-on langpack-en-ZA@firefox.mozilla.org is not compatible with application version.
1506960695755	addons.xpi	WARN	Add-on langpack-en-GB@firefox.mozilla.org is not compatible with application version.
1506960695755	addons.xpi	WARN	Add-on langpack-en-ZA@firefox.mozilla.org is not compatible with application version.
1506960695761	addons.xpi	WARN	Add-on langpack-en-GB@firefox.mozilla.org is not compatible with application version.
1506960695762	addons.xpi	WARN	Add-on langpack-en-ZA@firefox.mozilla.org is not compatible with application version.
1506960698540	Marionette	INFO	Listening on port 34529
1506960698754	Marionette	WARN	TLS certificate errors will be ignored for this session
1506960710774	Marionette	INFO	New connections will no longer be accepted
1506960710952	geckodriver	INFO	geckodriver 0.19.0
1506960710957	geckodriver	INFO	Listening on 127.0.0.1:55928
1506960712071	mozrunner::runner	INFO	Running command: "/usr/bin/firefox" "-marionette" "-profile" "/tmp/rust_mozprofile.xRW2sg7yJ9jf"

(firefox:8949): GLib-GObject-CRITICAL **: g_object_ref: assertion 'object->ref_count > 0' failed

(firefox:8949): GLib-GObject-CRITICAL **: g_object_unref: assertion 'object->ref_count > 0' failed

(firefox:8949): GLib-GObject-CRITICAL **: g_object_ref: assertion 'object->ref_count > 0' failed

(firefox:8949): GLib-GObject-CRITICAL **: g_object_unref: assertion 'object->ref_count > 0' failed
1506960712504	addons.xpi	WARN	Add-on langpack-en-GB@firefox.mozilla.org is not compatible with application version.
1506960712507	addons.xpi	WARN	Add-on langpack-en-GB@firefox.mozilla.org is not compatible with application version.
1506960712521	addons.xpi	WARN	Add-on langpack-en-ZA@firefox.mozilla.org is not compatible with application version.
1506960712521	addons.xpi	WARN	Add-on langpack-en-ZA@firefox.mozilla.org is not compatible with application version.
1506960713240	addons.xpi	WARN	Add-on langpack-en-GB@firefox.mozilla.org is not compatible with application version.
1506960713241	addons.xpi	WARN	Add-on langpack-en-ZA@firefox.mozilla.org is not compatible with application version.
1506960713248	addons.xpi	WARN	Add-on langpack-en-GB@firefox.mozilla.org is not compatible with application version.
1506960713249	addons.xpi	WARN	Add-on langpack-en-ZA@firefox.mozilla.org is not compatible with application version.
1506960715937	Marionette	INFO	Listening on port 54774
1506960716107	Marionette	WARN	TLS certificate errors will be ignored for this session
1506960717750	Marionette	INFO	New connections will no longer be accepted
1506960717963	geckodriver	INFO	geckodriver 0.19.0
1506960717966	geckodriver	INFO	Listening on 127.0.0.1:49126
1506960719077	mozrunner::runner	INFO	Running command: "/usr/bin/firefox" "-marionette" "-profile" "/tmp/rust_mozprofile.lgPxFuZfiR9H"

(firefox:9035): GLib-GObject-CRITICAL **: g_object_ref: assertion 'object->ref_count > 0' failed

(firefox:9035): GLib-GObject-CRITICAL **: g_object_unref: assertion 'object->ref_count > 0' failed

(firefox:9035): GLib-GObject-CRITICAL **: g_object_ref: assertion 'object->ref_count > 0' failed

(firefox:9035): GLib-GObject-CRITICAL **: g_object_unref: assertion 'object->ref_count > 0' failed
1506960719557	addons.xpi	WARN	Add-on langpack-en-GB@firefox.mozilla.org is not compatible with application version.
1506960719559	addons.xpi	WARN	Add-on langpack-en-GB@firefox.mozilla.org is not compatible with application version.
1506960719573	addons.xpi	WARN	Add-on langpack-en-ZA@firefox.mozilla.org is not compatible with application version.
1506960719574	addons.xpi	WARN	Add-on langpack-en-ZA@firefox.mozilla.org is not compatible with application version.
1506960720247	addons.xpi	WARN	Add-on langpack-en-GB@firefox.mozilla.org is not compatible with application version.
1506960720248	addons.xpi	WARN	Add-on langpack-en-ZA@firefox.mozilla.org is not compatible with application version.
1506960720253	addons.xpi	WARN	Add-on langpack-en-GB@firefox.mozilla.org is not compatible with application version.
1506960720254	addons.xpi	WARN	Add-on langpack-en-ZA@firefox.mozilla.org is not compatible with application version.
1506960723236	Marionette	INFO	Listening on port 36515
1506960723416	Marionette	WARN	TLS certificate errors will be ignored for this session
1506960725133	Marionette	INFO	New connections will no longer be accepted
1506961593857	geckodriver	INFO	geckodriver 0.19.0
1506961593861	geckodriver	INFO	Listening on 127.0.0.1:37120
1506961594975	mozrunner::runner	INFO	Running command: "/usr/bin/firefox" "-marionette" "-profile" "/tmp/rust_mozprofile.dMwWcgPbFqCd"

(firefox:9542): GLib-GObject-CRITICAL **: g_object_ref: assertion 'object->ref_count > 0' failed

(firefox:9542): GLib-GObject-CRITICAL **: g_object_unref: assertion 'object->ref_count > 0' failed

(firefox:9542): GLib-GObject-CRITICAL **: g_object_ref: assertion 'object->ref_count > 0' failed

(firefox:9542): GLib-GObject-CRITICAL **: g_object_unref: assertion 'object->ref_count > 0' failed
1506961595458	addons.xpi	WARN	Add-on langpack-en-GB@firefox.mozilla.org is not compatible with application version.
1506961595460	addons.xpi	WARN	Add-on langpack-en-GB@firefox.mozilla.org is not compatible with application version.
1506961595473	addons.xpi	WARN	Add-on langpack-en-ZA@firefox.mozilla.org is not compatible with application version.
1506961595474	addons.xpi	WARN	Add-on langpack-en-ZA@firefox.mozilla.org is not compatible with application version.
1506961596237	addons.xpi	WARN	Add-on langpack-en-GB@firefox.mozilla.org is not compatible with application version.
1506961596237	addons.xpi	WARN	Add-on langpack-en-ZA@firefox.mozilla.org is not compatible with application version.
1506961596243	addons.xpi	WARN	Add-on langpack-en-GB@firefox.mozilla.org is not compatible with application version.
1506961596244	addons.xpi	WARN	Add-on langpack-en-ZA@firefox.mozilla.org is not compatible with application version.
1506961598828	Marionette	INFO	Listening on port 39532
1506961598973	Marionette	WARN	TLS certificate errors will be ignored for this session
1506962903282	geckodriver	INFO	geckodriver 0.19.0
1506962903288	geckodriver	INFO	Listening on 127.0.0.1:59950
1506962904398	mozrunner::runner	INFO	Running command: "/usr/bin/firefox" "-marionette" "-profile" "/tmp/rust_mozprofile.tS9SSVFNdg6o"

(firefox:10384): GLib-GObject-CRITICAL **: g_object_ref: assertion 'object->ref_count > 0' failed

(firefox:10384): GLib-GObject-CRITICAL **: g_object_unref: assertion 'object->ref_count > 0' failed

(firefox:10384): GLib-GObject-CRITICAL **: g_object_ref: assertion 'object->ref_count > 0' failed

(firefox:10384): GLib-GObject-CRITICAL **: g_object_unref: assertion 'object->ref_count > 0' failed
1506962904842	addons.xpi	WARN	Add-on langpack-en-GB@firefox.mozilla.org is not compatible with application version.
1506962904844	addons.xpi	WARN	Add-on langpack-en-GB@firefox.mozilla.org is not compatible with application version.
1506962904857	addons.xpi	WARN	Add-on langpack-en-ZA@firefox.mozilla.org is not compatible with application version.
1506962904857	addons.xpi	WARN	Add-on langpack-en-ZA@firefox.mozilla.org is not compatible with application version.
1506962905604	addons.xpi	WARN	Add-on langpack-en-GB@firefox.mozilla.org is not compatible with application version.
1506962905604	addons.xpi	WARN	Add-on langpack-en-ZA@firefox.mozilla.org is not compatible with application version.
1506962905610	addons.xpi	WARN	Add-on langpack-en-GB@firefox.mozilla.org is not compatible with application version.
1506962905610	addons.xpi	WARN	Add-on langpack-en-ZA@firefox.mozilla.org is not compatible with application version.
1506962908105	Marionette	INFO	Listening on port 53457
1506962908163	Marionette	WARN	TLS certificate errors will be ignored for this session
1506962910802	Marionette	INFO	New connections will no longer be accepted
1506962911009	geckodriver	INFO	geckodriver 0.19.0
1506962911012	geckodriver	INFO	Listening on 127.0.0.1:42671
1506962912127	mozrunner::runner	INFO	Running command: "/usr/bin/firefox" "-marionette" "-profile" "/tmp/rust_mozprofile.uAIYXssbIq0q"

(firefox:10470): GLib-GObject-CRITICAL **: g_object_ref: assertion 'object->ref_count > 0' failed

(firefox:10470): GLib-GObject-CRITICAL **: g_object_unref: assertion 'object->ref_count > 0' failed

(firefox:10470): GLib-GObject-CRITICAL **: g_object_ref: assertion 'object->ref_count > 0' failed

(firefox:10470): GLib-GObject-CRITICAL **: g_object_unref: assertion 'object->ref_count > 0' failed
1506962912566	addons.xpi	WARN	Add-on langpack-en-GB@firefox.mozilla.org is not compatible with application version.
1506962912568	addons.xpi	WARN	Add-on langpack-en-GB@firefox.mozilla.org is not compatible with application version.
1506962912582	addons.xpi	WARN	Add-on langpack-en-ZA@firefox.mozilla.org is not compatible with application version.
1506962912582	addons.xpi	WARN	Add-on langpack-en-ZA@firefox.mozilla.org is not compatible with application version.
1506962913340	addons.xpi	WARN	Add-on langpack-en-GB@firefox.mozilla.org is not compatible with application version.
1506962913340	addons.xpi	WARN	Add-on langpack-en-ZA@firefox.mozilla.org is not compatible with application version.
1506962913346	addons.xpi	WARN	Add-on langpack-en-GB@firefox.mozilla.org is not compatible with application version.
1506962913346	addons.xpi	WARN	Add-on langpack-en-ZA@firefox.mozilla.org is not compatible with application version.
1506962915997	Marionette	INFO	Listening on port 53215
1506962916138	Marionette	WARN	TLS certificate errors will be ignored for this session
1506962917882	Marionette	INFO	New connections will no longer be accepted
1506962918084	geckodriver	INFO	geckodriver 0.19.0
1506962918090	geckodriver	INFO	Listening on 127.0.0.1:33751
1506962919198	mozrunner::runner	INFO	Running command: "/usr/bin/firefox" "-marionette" "-profile" "/tmp/rust_mozprofile.f7XmkBfOMmi9"

(firefox:10555): GLib-GObject-CRITICAL **: g_object_ref: assertion 'object->ref_count > 0' failed

(firefox:10555): GLib-GObject-CRITICAL **: g_object_unref: assertion 'object->ref_count > 0' failed

(firefox:10555): GLib-GObject-CRITICAL **: g_object_ref: assertion 'object->ref_count > 0' failed

(firefox:10555): GLib-GObject-CRITICAL **: g_object_unref: assertion 'object->ref_count > 0' failed
1506962919639	addons.xpi	WARN	Add-on langpack-en-GB@firefox.mozilla.org is not compatible with application version.
1506962919641	addons.xpi	WARN	Add-on langpack-en-GB@firefox.mozilla.org is not compatible with application version.
1506962919655	addons.xpi	WARN	Add-on langpack-en-ZA@firefox.mozilla.org is not compatible with application version.
1506962919656	addons.xpi	WARN	Add-on langpack-en-ZA@firefox.mozilla.org is not compatible with application version.
1506962920457	addons.xpi	WARN	Add-on langpack-en-GB@firefox.mozilla.org is not compatible with application version.
1506962920458	addons.xpi	WARN	Add-on langpack-en-ZA@firefox.mozilla.org is not compatible with application version.
1506962920463	addons.xpi	WARN	Add-on langpack-en-GB@firefox.mozilla.org is not compatible with application version.
1506962920464	addons.xpi	WARN	Add-on langpack-en-ZA@firefox.mozilla.org is not compatible with application version.
1506962923100	Marionette	INFO	Listening on port 45386
1506962923152	Marionette	WARN	TLS certificate errors will be ignored for this session
1506962924936	Marionette	INFO	New connections will no longer be accepted
